INFO 2025-11-30 20:30:53,027 autoreload Watching for file changes with StatReloader
INFO 2025-11-30 20:30:58,459 basehttp "GET /consultations/ HTTP/1.1" 200 33993
INFO 2025-11-30 20:30:58,929 basehttp "GET /static/img/consultease-favicon.png HTTP/1.1" 304 0
INFO 2025-11-30 20:30:58,958 basehttp "GET /api/notifications/ HTTP/1.1" 200 3138
INFO 2025-11-30 20:31:00,284 basehttp "GET / HTTP/1.1" 200 21218
INFO 2025-11-30 20:31:00,405 basehttp "GET /api/notifications/ HTTP/1.1" 200 3138
INFO 2025-11-30 20:31:30,615 basehttp "GET /api/notifications/ HTTP/1.1" 200 3138
INFO 2025-11-30 20:31:41,171 basehttp "GET / HTTP/1.1" 200 21218
INFO 2025-11-30 20:31:41,329 basehttp "GET /api/notifications/ HTTP/1.1" 200 3138
INFO 2025-11-30 20:32:11,641 basehttp "GET /api/notifications/ HTTP/1.1" 200 3138
INFO 2025-11-30 20:32:41,623 basehttp "GET /api/notifications/ HTTP/1.1" 200 3138
INFO 2025-11-30 20:33:11,607 basehttp "GET /api/notifications/ HTTP/1.1" 200 3138
INFO 2025-11-30 20:33:41,547 basehttp "GET /api/notifications/ HTTP/1.1" 200 3138
INFO 2025-11-30 20:34:02,743 basehttp "GET / HTTP/1.1" 200 21218
INFO 2025-11-30 20:34:02,905 basehttp "GET /api/notifications/ HTTP/1.1" 200 3138
INFO 2025-11-30 20:34:33,641 basehttp "GET /api/notifications/ HTTP/1.1" 200 3138
INFO 2025-11-30 20:34:35,086 basehttp "GET / HTTP/1.1" 200 21238
INFO 2025-11-30 20:34:35,218 basehttp "GET /api/notifications/ HTTP/1.1" 200 3138
INFO 2025-11-30 20:34:37,829 basehttp "GET / HTTP/1.1" 200 21238
INFO 2025-11-30 20:34:37,941 basehttp "GET /api/notifications/ HTTP/1.1" 200 3138
INFO 2025-11-30 20:34:42,060 basehttp "GET /api/notifications/ HTTP/1.1" 200 3138
INFO 2025-11-30 20:34:44,418 basehttp "GET / HTTP/1.1" 200 21238
INFO 2025-11-30 20:34:44,511 basehttp "GET /api/notifications/ HTTP/1.1" 200 3138
INFO 2025-11-30 20:35:15,597 basehttp "GET /api/notifications/ HTTP/1.1" 200 3138
INFO 2025-11-30 20:35:45,589 basehttp "GET /api/notifications/ HTTP/1.1" 200 3138
INFO 2025-11-30 20:36:15,597 basehttp "GET /api/notifications/ HTTP/1.1" 200 3138
INFO 2025-11-30 20:36:45,572 basehttp "GET /api/notifications/ HTTP/1.1" 200 3138
INFO 2025-11-30 20:37:15,590 basehttp "GET /api/notifications/ HTTP/1.1" 200 3138
INFO 2025-11-30 20:37:20,562 basehttp "GET /dashboard/ HTTP/1.1" 200 27947
INFO 2025-11-30 20:37:20,861 basehttp "GET /api/notifications/ HTTP/1.1" 200 3138
INFO 2025-11-30 20:37:21,026 basehttp "GET /static/images/logo.svg HTTP/1.1" 200 25757
INFO 2025-11-30 20:37:21,888 basehttp "GET / HTTP/1.1" 200 21353
INFO 2025-11-30 20:37:21,990 basehttp "GET /api/notifications/ HTTP/1.1" 200 3138
INFO 2025-11-30 20:37:24,712 basehttp "GET / HTTP/1.1" 200 21353
INFO 2025-11-30 20:37:24,818 basehttp "GET /api/notifications/ HTTP/1.1" 200 3138
